Flow report for CV_8052
Mon Feb 11 19:05:59 2019
Quartus II 64-Bit Version 15.0.0 Build 145 04/22/2015 SJ Web Edition


---------------------
; Table of Contents ;
---------------------
  1. Legal Notice
  2. Flow Summary
  3. Flow Settings
  4. Flow Non-Default Global Settings
  5. Flow Elapsed Time
  6. Flow OS Summary
  7. Flow Log
  8. Flow Messages
  9. Flow Suppressed Messages



----------------
; Legal Notice ;
----------------
Copyright (C) 1991-2015 Altera Corporation. All rights reserved.
Your use of Altera Corporation's design tools, logic functions 
and other software and tools, and its AMPP partner logic 
functions, and any output files from any of the foregoing 
(including device programming or simulation files), and any 
associated documentation or information are expressly subject 
to the terms and conditions of the Altera Program License 
Subscription Agreement, the Altera Quartus II License Agreement,
the Altera MegaCore Function License Agreement, or other 
applicable license agreement, including, without limitation, 
that your use is for the sole purpose of programming logic 
devices manufactured by Altera and sold by Altera or its 
authorized distributors.  Please refer to the applicable 
agreement for further details.



+------------------------------------------------------------------------------+
; Flow Summary                                                                 ;
+---------------------------------+--------------------------------------------+
; Flow Status                     ; Successful - Mon Feb 11 19:05:14 2019      ;
; Quartus II 64-Bit Version       ; 15.0.0 Build 145 04/22/2015 SJ Web Edition ;
; Revision Name                   ; CV_8052                                    ;
; Top-level Entity Name           ; CV_8052                                    ;
; Family                          ; Cyclone V                                  ;
; Device                          ; 5CSEMA5F31C6                               ;
; Timing Models                   ; Final                                      ;
; Logic utilization (in ALMs)     ; 2,006 / 32,070 ( 6 % )                     ;
; Total registers                 ; 1821                                       ;
; Total pins                      ; 139 / 457 ( 30 % )                         ;
; Total virtual pins              ; 0                                          ;
; Total block memory bits         ; 843,866 / 4,065,280 ( 21 % )               ;
; Total DSP Blocks                ; 1 / 87 ( 1 % )                             ;
; Total HSSI RX PCSs              ; 0                                          ;
; Total HSSI PMA RX Deserializers ; 0                                          ;
; Total HSSI TX PCSs              ; 0                                          ;
; Total HSSI PMA TX Serializers   ; 0                                          ;
; Total PLLs                      ; 1 / 6 ( 17 % )                             ;
; Total DLLs                      ; 0 / 4 ( 0 % )                              ;
+---------------------------------+--------------------------------------------+


+-----------------------------------------+
; Flow Settings                           ;
+-------------------+---------------------+
; Option            ; Setting             ;
+-------------------+---------------------+
; Start date & time ; 02/11/2019 19:01:59 ;
; Main task         ; Compilation         ;
; Revision Name     ; CV_8052             ;
+-------------------+---------------------+


+------------------------------------------------------------------------------------------------------------------------+
; Flow Non-Default Global Settings                                                                                       ;
+-------------------------------------+---------------------------------------+---------------+-------------+------------+
; Assignment Name                     ; Value                                 ; Default Value ; Entity Name ; Section Id ;
+-------------------------------------+---------------------------------------+---------------+-------------+------------+
; ALM_REGISTER_PACKING_EFFORT         ; Low                                   ; Medium        ; --          ; --         ;
; AUTO_DELAY_CHAINS                   ; Off                                   ; On            ; --          ; --         ;
; COMPILER_SIGNATURE_ID               ; 154027283612076.154994051917228       ; --            ; --          ; --         ;
; DO_COMBINED_ANALYSIS                ; On                                    ; Off           ; --          ; --         ;
; ENABLE_CLOCK_LATENCY                ; On                                    ; Off           ; --          ; --         ;
; FITTER_EFFORT                       ; Fast Fit                              ; Auto Fit      ; --          ; --         ;
; MAX_CORE_JUNCTION_TEMP              ; 85                                    ; --            ; --          ; --         ;
; MIN_CORE_JUNCTION_TEMP              ; 0                                     ; --            ; --          ; --         ;
; MISC_FILE                           ; CV_PLL.cmp                            ; --            ; --          ; --         ;
; MISC_FILE                           ; CV_PLL_sim/CV_PLL.vho                 ; --            ; --          ; --         ;
; MUX_RESTRUCTURE                     ; On                                    ; Auto          ; --          ; --         ;
; NUMBER_OF_PATHS_TO_REPORT           ; 400                                   ; 200           ; --          ; --         ;
; NUM_PARALLEL_PROCESSORS             ; 4                                     ; --            ; --          ; --         ;
; OPTIMIZATION_TECHNIQUE              ; Speed                                 ; Balanced      ; --          ; --         ;
; OUTPUT_IO_TIMING_FAR_END_VMEAS      ; Half Signal Swing                     ; --            ; --          ; --         ;
; OUTPUT_IO_TIMING_FAR_END_VMEAS      ; Half Signal Swing                     ; --            ; --          ; --         ;
; OUTPUT_IO_TIMING_NEAR_END_VMEAS     ; Half Vccio                            ; --            ; --          ; --         ;
; OUTPUT_IO_TIMING_NEAR_END_VMEAS     ; Half Vccio                            ; --            ; --          ; --         ;
; PARTITION_COLOR                     ; 16764057                              ; --            ; --          ; Top        ;
; PARTITION_FITTER_PRESERVATION_LEVEL ; PLACEMENT_AND_ROUTING                 ; --            ; --          ; Top        ;
; PARTITION_NETLIST_TYPE              ; SOURCE                                ; --            ; --          ; Top        ;
; POWER_BOARD_THERMAL_MODEL           ; None (CONSERVATIVE)                   ; --            ; --          ; --         ;
; POWER_PRESET_COOLING_SOLUTION       ; 23 MM HEAT SINK WITH 200 LFPM AIRFLOW ; --            ; --          ; --         ;
; SMART_RECOMPILE                     ; On                                    ; Off           ; --          ; --         ;
; SPD_FILE                            ; CV_PLL.spd                            ; --            ; --          ; --         ;
; SYNTHESIS_ONLY_QIP                  ; On                                    ; --            ; --          ; --         ;
+-------------------------------------+---------------------------------------+---------------+-------------+------------+


+-------------------------------------------------------------------------------------------------------------------------------+
; Flow Elapsed Time                                                                                                             ;
+---------------------------+--------------+-------------------------+---------------------+------------------------------------+
; Module Name               ; Elapsed Time ; Average Processors Used ; Peak Virtual Memory ; Total CPU Time (on all processors) ;
+---------------------------+--------------+-------------------------+---------------------+------------------------------------+
; Analysis & Synthesis      ; 00:01:15     ; 1.0                     ; 5150 MB             ; 00:01:39                           ;
; Fitter                    ; 00:01:26     ; 1.5                     ; 6772 MB             ; 00:02:19                           ;
; Assembler                 ; 00:00:24     ; 1.0                     ; 4970 MB             ; 00:00:18                           ;
; TimeQuest Timing Analyzer ; 00:00:42     ; 1.6                     ; 5418 MB             ; 00:01:14                           ;
; Total                     ; 00:03:47     ; --                      ; --                  ; 00:05:30                           ;
+---------------------------+--------------+-------------------------+---------------------+------------------------------------+


+----------------------------------------------------------------------------------------+
; Flow OS Summary                                                                        ;
+---------------------------+------------------+-----------+------------+----------------+
; Module Name               ; Machine Hostname ; OS Name   ; OS Version ; Processor type ;
+---------------------------+------------------+-----------+------------+----------------+
; Analysis & Synthesis      ; LAPTOP-SKNO32HQ  ; Windows 7 ; 6.2        ; x86_64         ;
; Fitter                    ; LAPTOP-SKNO32HQ  ; Windows 7 ; 6.2        ; x86_64         ;
; Assembler                 ; LAPTOP-SKNO32HQ  ; Windows 7 ; 6.2        ; x86_64         ;
; TimeQuest Timing Analyzer ; LAPTOP-SKNO32HQ  ; Windows 7 ; 6.2        ; x86_64         ;
+---------------------------+------------------+-----------+------------+----------------+


------------
; Flow Log ;
------------
quartus_map --read_settings_files=on --write_settings_files=off CV_8052 -c CV_8052
quartus_fit --read_settings_files=off --write_settings_files=off CV_8052 -c CV_8052
quartus_asm --read_settings_files=off --write_settings_files=off CV_8052 -c CV_8052
quartus_sta CV_8052 -c CV_8052



