Assembler report for CV_8052
Tue Jan 29 13:36:24 2019
Quartus II 64-Bit Version 15.0.0 Build 145 04/22/2015 SJ Web Edition


---------------------
; Table of Contents ;
---------------------
  1. Legal Notice
  2. Assembler Summary
  3. Assembler Settings
  4. Assembler Encrypted IP Cores Summary
  5. Assembler Generated Files
  6. Assembler Device Options: C:/Users/jed32/Desktop/School/UBC 2018W2/ReflowOven/DE1-SoC/SOC_8052/SOC_8052/CV_8052.sof
  7. Assembler Device Options: C:/Users/jed32/Desktop/School/UBC 2018W2/ReflowOven/DE1-SoC/SOC_8052/SOC_8052/CV_8052.pof
  8. Assembler Messages



----------------
; Legal Notice ;
----------------
Copyright (C) 1991-2015 Altera Corporation. All rights reserved.
Your use of Altera Corporation's design tools, logic functions 
and other software and tools, and its AMPP partner logic 
functions, and any output files from any of the foregoing 
(including device programming or simulation files), and any 
associated documentation or information are expressly subject 
to the terms and conditions of the Altera Program License 
Subscription Agreement, the Altera Quartus II License Agreement,
the Altera MegaCore Function License Agreement, or other 
applicable license agreement, including, without limitation, 
that your use is for the sole purpose of programming logic 
devices manufactured by Altera and sold by Altera or its 
authorized distributors.  Please refer to the applicable 
agreement for further details.



+---------------------------------------------------------------+
; Assembler Summary                                             ;
+-----------------------+---------------------------------------+
; Assembler Status      ; Successful - Tue Jan 29 13:36:24 2019 ;
; Revision Name         ; CV_8052                               ;
; Top-level Entity Name ; CV_8052                               ;
; Family                ; Cyclone V                             ;
; Device                ; 5CSEMA5F31C6                          ;
+-----------------------+---------------------------------------+


+----------------------------------+
; Assembler Settings               ;
+--------+---------+---------------+
; Option ; Setting ; Default Value ;
+--------+---------+---------------+


+------------------------------------------------+
; Assembler Encrypted IP Cores Summary           ;
+--------+------------------------+--------------+
; Vendor ; IP Core Name           ; License Type ;
+--------+------------------------+--------------+
; Altera ; Signal Tap (6AF7 BCE1) ; Licensed     ;
; Altera ; Signal Tap (6AF7 BCEC) ; Licensed     ;
+--------+------------------------+--------------+


+-------------------------------------------------------------------------------------------+
; Assembler Generated Files                                                                 ;
+-------------------------------------------------------------------------------------------+
; File Name                                                                                 ;
+-------------------------------------------------------------------------------------------+
; C:/Users/jed32/Desktop/School/UBC 2018W2/ReflowOven/DE1-SoC/SOC_8052/SOC_8052/CV_8052.sof ;
; C:/Users/jed32/Desktop/School/UBC 2018W2/ReflowOven/DE1-SoC/SOC_8052/SOC_8052/CV_8052.pof ;
+-------------------------------------------------------------------------------------------+


+---------------------------------------------------------------------------------------------------------------------+
; Assembler Device Options: C:/Users/jed32/Desktop/School/UBC 2018W2/ReflowOven/DE1-SoC/SOC_8052/SOC_8052/CV_8052.sof ;
+----------------+----------------------------------------------------------------------------------------------------+
; Option         ; Setting                                                                                            ;
+----------------+----------------------------------------------------------------------------------------------------+
; Device         ; 5CSEMA5F31C6                                                                                       ;
; JTAG usercode  ; 0x030AF72C                                                                                         ;
; Checksum       ; 0x030AF72C                                                                                         ;
+----------------+----------------------------------------------------------------------------------------------------+


+---------------------------------------------------------------------------------------------------------------------+
; Assembler Device Options: C:/Users/jed32/Desktop/School/UBC 2018W2/ReflowOven/DE1-SoC/SOC_8052/SOC_8052/CV_8052.pof ;
+--------------------+------------------------------------------------------------------------------------------------+
; Option             ; Setting                                                                                        ;
+--------------------+------------------------------------------------------------------------------------------------+
; Device             ; EPCS128                                                                                        ;
; JTAG usercode      ; 0x00000000                                                                                     ;
; Checksum           ; 0xE2004F21                                                                                     ;
; Compression Ratio  ; 2                                                                                              ;
+--------------------+------------------------------------------------------------------------------------------------+


+--------------------+
; Assembler Messages ;
+--------------------+
Info: *******************************************************************
Info: Running Quartus II 64-Bit Assembler
    Info: Version 15.0.0 Build 145 04/22/2015 SJ Web Edition
    Info: Processing started: Tue Jan 29 13:35:36 2019
Info: Command: quartus_asm --read_settings_files=off --write_settings_files=off CV_8052 -c CV_8052
Info (115030): Assembler is generating device programming files
Info: Quartus II 64-Bit Assembler was successful. 0 errors, 0 warnings
    Info: Peak virtual memory: 4972 megabytes
    Info: Processing ended: Tue Jan 29 13:36:24 2019
    Info: Elapsed time: 00:00:48
    Info: Total CPU time (on all processors): 00:00:34


